<?xml version="1.0" encoding="UTF-8"?>
<testng-results skipped="0" failed="0" total="2" passed="2">
  <reporter-output>
  </reporter-output>
  <suite name="Suite" duration-ms="19992" started-at="2020-03-15T11:20:12Z" finished-at="2020-03-15T11:20:32Z">
    <groups>
    </groups>
    <test name="Test" duration-ms="19992" started-at="2020-03-15T11:20:12Z" finished-at="2020-03-15T11:20:32Z">
      <class name="com.flipkart.mavem.tests.TS01_Login">
        <test-method status="PASS" signature="setUp()[pri:0, instance:com.flipkart.mavem.tests.TS01_Login@61832929]" name="setUp" is-config="true" duration-ms="9890" started-at="2020-03-15T16:50:12Z" finished-at="2020-03-15T16:50:22Z">
          <reporter-output>
          </reporter-output>
        </test-method> <!-- setUp -->
        <test-method status="PASS" signature="intializePageFactory()[pri:0, instance:com.flipkart.mavem.tests.TS01_Login@61832929]" name="intializePageFactory" duration-ms="27" started-at="2020-03-15T16:50:22Z" finished-at="2020-03-15T16:50:22Z">
          <reporter-output>
          </reporter-output>
        </test-method> <!-- intializePageFactory -->
        <test-method status="PASS" signature="login()[pri:1, instance:com.flipkart.mavem.tests.TS01_Login@61832929]" name="login" duration-ms="9360" started-at="2020-03-15T16:50:22Z" finished-at="2020-03-15T16:50:31Z">
          <reporter-output>
          </reporter-output>
        </test-method> <!-- login -->
        <test-method status="PASS" signature="tearDown()[pri:0, instance:com.flipkart.mavem.tests.TS01_Login@61832929]" name="tearDown" is-config="true" duration-ms="696" started-at="2020-03-15T16:50:31Z" finished-at="2020-03-15T16:50:32Z">
          <reporter-output>
          </reporter-output>
        </test-method> <!-- tearDown -->
      </class> <!-- com.flipkart.mavem.tests.TS01_Login -->
    </test> <!-- Test -->
  </suite> <!-- Suite -->
</testng-results>
